<?xml version="1.0" encoding="UTF-8"?>
<testng-results total="1" passed="1" failed="0" skipped="0">
  <reporter-output>
  </reporter-output>
  <suite started-at="2019-04-06T23:46:48Z" name="YeniEmlakTest" finished-at="2019-04-06T23:47:13Z" duration-ms="24854">
    <groups>
    </groups>
    <test started-at="2019-04-06T23:46:48Z" name="Command line test" finished-at="2019-04-06T23:47:13Z" duration-ms="24854">
      <class name="YeniEmlakTest">
        <test-method is-config="true" signature="setUp()[pri:0, instance:YeniEmlakTest@76b0bfab]" started-at="2019-04-06T23:46:48Z" name="setUp" finished-at="2019-04-06T23:46:55Z" duration-ms="7237" status="PASS">
        </test-method>
        <test-method signature="clickSearchButton()[pri:0, instance:YeniEmlakTest@76b0bfab]" started-at="2019-04-06T23:46:55Z" name="clickSearchButton" finished-at="2019-04-06T23:47:06Z" duration-ms="11170" status="PASS">
        </test-method>
        <test-method is-config="true" signature="tearDown()[pri:0, instance:YeniEmlakTest@76b0bfab]" started-at="2019-04-06T23:47:06Z" name="tearDown" finished-at="2019-04-06T23:47:13Z" duration-ms="6444" status="PASS">
        </test-method>
      </class>
    </test>
  </suite>
</testng-results>
